#
# A fatal error has been detected by the Java Runtime Environment:
#
#  EXCEPTION_ACCESS_VIOLATION (0xc0000005) at pc=0x0000000073299575, pid=9476, tid=0x0000000000003de0
#
# JRE version: Java(TM) SE Runtime Environment (8.0_92-b14) (build 1.8.0_92-b14)
# Java VM: Java HotSpot(TM) 64-Bit Server VM (25.92-b14 mixed mode windows-amd64 compressed oops)
# Problematic frame:
# V  [jvm.dll+0x129575]
#
# Failed to write core dump. Minidumps are not enabled by default on client versions of Windows
#
# If you would like to submit a bug report, please visit:
#   http://bugreport.java.com/bugreport/crash.jsp
#

---------------  T H R E A D  ---------------

Current thread (0x00000000061a1000):  JavaThread "JDWP Transport Listener: dt_socket" daemon [_thread_in_vm, id=15840, stack(0x0000000007b30000,0x0000000007c30000)]

siginfo: ExceptionCode=0xc0000005, reading address 0x000000003b3e3b67

Registers:
RAX=0x0000000007c2f001, RBX=0x00000000061a1000, RCX=0x000000003b3e3b67, RDX=0x0000000000000000
RSP=0x0000000007c2efe0, RBP=0x000000003b3e3b67, RSI=0x0000000007c2f0f8, RDI=0x00000000026288b0
R8 =0x00000000061a1000, R9 =0x0000000000000000, R10=0x0000000000000000, R11=0x0000000000000064
R12=0x0000000000000000, R13=0x00000000061a1ae8, R14=0x0000000000000000, R15=0x0000000000000000
RIP=0x0000000073299575, EFLAGS=0x0000000000010202

Top of Stack: (sp=0x0000000007c2efe0)
0x0000000007c2efe0:   00000000061a1000 00000000061a1000
0x0000000007c2eff0:   0000000007c2f0a8 000000007349fbab
0x0000000007c2f000:   00000000061a1000 00000000734bc40d
0x0000000007c2f010:   0000000000000000 0000000072e99155
0x0000000007c2f020:   000000000891e800 0000000072ea291e
0x0000000007c2f030:   00000000061a1000 0000000000000000
0x0000000007c2f040:   0000000000000000 0000000000000000
0x0000000007c2f050:   000000003b3e3b67 0000000072ea1a15
0x0000000007c2f060:   0000000007c2f0f8 0000000007c2f0d0
0x0000000007c2f070:   0000000000000001 000000000891e800
0x0000000007c2f080:   000000003b3e3b67 0000000072e853b3
0x0000000007c2f090:   0000000007c2f1c0 0000000000000001
0x0000000007c2f0a0:   0000000000000001 000000000891e800
0x0000000007c2f0b0:   0000000000000009 0000000000000000
0x0000000007c2f0c0:   0000000000000000 0000000000000000
0x0000000007c2f0d0:   0000000000000001 0000000072e85571 

Instructions: (pc=0x0000000073299575)
0x0000000073299555:   cc cc cc cc cc cc cc cc cc cc cc 48 83 ec 28 48
0x0000000073299565:   85 c9 75 07 33 c0 48 83 c4 28 c3 48 89 5c 24 20
0x0000000073299575:   48 8b 19 48 85 db 74 20 48 83 fb 37 74 1a 48 8b
0x0000000073299585:   13 48 8b cb ff 52 10 84 c0 74 0d 48 8b c3 48 8b 


Register to memory mapping:

RAX=0x0000000007c2f001 is pointing into the stack for thread: 0x00000000061a1000
RBX=0x00000000061a1000 is a thread
RCX=0x000000003b3e3b67 is an unknown value
RDX=0x0000000000000000 is an unknown value
RSP=0x0000000007c2efe0 is pointing into the stack for thread: 0x00000000061a1000
RBP=0x000000003b3e3b67 is an unknown value
RSI=0x0000000007c2f0f8 is pointing into the stack for thread: 0x00000000061a1000
RDI=0x00000000026288b0 is an unknown value
R8 =0x00000000061a1000 is a thread
R9 =0x0000000000000000 is an unknown value
R10=0x0000000000000000 is an unknown value
R11=0x0000000000000064 is an unknown value
R12=0x0000000000000000 is an unknown value
R13=0x00000000061a1ae8 is an unknown value
R14=0x0000000000000000 is an unknown value
R15=0x0000000000000000 is an unknown value


Stack: [0x0000000007b30000,0x0000000007c30000],  sp=0x0000000007c2efe0,  free space=1019k
Native frames: (J=compiled Java code, j=interpreted, Vv=VM code, C=native code)
V  [jvm.dll+0x129575]
V  [jvm.dll+0x34c40d]
C  [jdwp.dll+0x21a15]
C  [jdwp.dll+0x53b3]
C  [jdwp.dll+0x5571]
C  [jdwp.dll+0xf0a8]
C  [jdwp.dll+0x1f2d5]
C  [jdwp.dll+0x1f4aa]
V  [jvm.dll+0x1bc3e8]
V  [jvm.dll+0x244314]
V  [jvm.dll+0x29b34a]
C  [msvcr100.dll+0x21d9f]
C  [msvcr100.dll+0x21e3b]
C  [KERNEL32.DLL+0x18102]
C  [ntdll.dll+0x5c5b4]


---------------  P R O C E S S  ---------------

Java Threads: ( => current thread )
  0x0000000008a45000 JavaThread "pool-1-thread-1" [_thread_blocked, id=5488, stack(0x000000000a320000,0x000000000a420000)]
  0x00000000075b9000 JavaThread "Service Thread" daemon [_thread_blocked, id=4260, stack(0x0000000008130000,0x0000000008230000)]
  0x00000000075b1000 JavaThread "C1 CompilerThread2" daemon [_thread_blocked, id=11224, stack(0x0000000008030000,0x0000000008130000)]
  0x00000000075af800 JavaThread "C2 CompilerThread1" daemon [_thread_blocked, id=7184, stack(0x0000000007f30000,0x0000000008030000)]
  0x00000000061bf800 JavaThread "C2 CompilerThread0" daemon [_thread_blocked, id=2524, stack(0x0000000007e30000,0x0000000007f30000)]
  0x00000000061b2800 JavaThread "JDWP Command Reader" daemon [_thread_in_native, id=5172, stack(0x0000000007d30000,0x0000000007e30000)]
  0x00000000061b1000 JavaThread "JDWP Event Helper Thread" daemon [_thread_blocked, id=2736, stack(0x0000000007c30000,0x0000000007d30000)]
=>0x00000000061a1000 JavaThread "JDWP Transport Listener: dt_socket" daemon [_thread_in_vm, id=15840, stack(0x0000000007b30000,0x0000000007c30000)]
  0x0000000006199800 JavaThread "Attach Listener" daemon [_thread_blocked, id=16948, stack(0x0000000007a30000,0x0000000007b30000)]
  0x0000000007573800 JavaThread "Signal Dispatcher" daemon [_thread_blocked, id=804, stack(0x0000000007930000,0x0000000007a30000)]
  0x000000000616a800 JavaThread "Finalizer" daemon [_thread_blocked, id=11440, stack(0x00000000073d0000,0x00000000074d0000)]
  0x0000000002ba1000 JavaThread "Reference Handler" daemon [_thread_blocked, id=4784, stack(0x00000000072d0000,0x00000000073d0000)]
  0x000000000262e800 JavaThread "main" [_thread_blocked, id=9108, stack(0x00000000029b0000,0x0000000002ab0000)]

Other Threads:
  0x0000000006148000 VMThread [stack: 0x00000000071d0000,0x00000000072d0000] [id=13516]
  0x0000000007646800 WatcherThread [stack: 0x0000000008230000,0x0000000008330000] [id=9656]

VM state:not at safepoint (normal execution)

VM Mutex/Monitor currently owned by a thread: None

Heap:
 PSYoungGen      total 18944K, used 7510K [0x00000000eb400000, 0x00000000ec900000, 0x0000000100000000)
  eden space 16384K, 30% used [0x00000000eb400000,0x00000000eb8db030,0x00000000ec400000)
  from space 2560K, 99% used [0x00000000ec680000,0x00000000ec8fa9b8,0x00000000ec900000)
  to   space 2560K, 0% used [0x00000000ec400000,0x00000000ec400000,0x00000000ec680000)
 ParOldGen       total 44032K, used 8473K [0x00000000c1c00000, 0x00000000c4700000, 0x00000000eb400000)
  object space 44032K, 19% used [0x00000000c1c00000,0x00000000c2446588,0x00000000c4700000)
 Metaspace       used 18900K, capacity 19150K, committed 19328K, reserved 1067008K
  class space    used 2280K, capacity 2381K, committed 2432K, reserved 1048576K

Card table byte_map: [0x0000000002f70000,0x0000000003170000] byte_map_base: 0x0000000002962000

Marking Bits: (ParMarkBitMap*) 0x00000000739864f0
 Begin Bits: [0x00000000036c0000, 0x0000000004650000)
 End Bits:   [0x0000000004650000, 0x00000000055e0000)

Polling page: 0x0000000000a90000

CodeCache: size=245760Kb used=5197Kb max_used=5201Kb free=240562Kb
 bounds [0x000000000f010000, 0x000000000f530000, 0x000000001e010000]
 total_blobs=1921 nmethods=1478 adapters=363
 compilation: enabled

Compilation events (10 events):
Event: 782.272 Thread 0x00000000075b1000 1474       3       java.util.concurrent.locks.AbstractQueuedSynchronizer::release (33 bytes)
Event: 782.273 Thread 0x00000000075b1000 nmethod 1474 0x000000000f518090 code [0x000000000f518200, 0x000000000f518538]
Event: 842.274 Thread 0x00000000075b1000 1475       1       java.util.concurrent.atomic.AtomicInteger::get (5 bytes)
Event: 842.274 Thread 0x00000000075b1000 nmethod 1475 0x000000000f517d50 code [0x000000000f517ea0, 0x000000000f517fb0]
Event: 1562.285 Thread 0x00000000075b1000 1476       3       java.util.concurrent.locks.ReentrantLock::lock (8 bytes)
Event: 1562.286 Thread 0x00000000075b1000 nmethod 1476 0x000000000f523c10 code [0x000000000f523d80, 0x000000000f523fa8]
Event: 1622.286 Thread 0x00000000075b1000 1477       3       java.util.concurrent.locks.ReentrantLock::unlock (10 bytes)
Event: 1622.286 Thread 0x00000000075b1000 nmethod 1477 0x000000000f523510 code [0x000000000f5236a0, 0x000000000f523ab8]
Event: 1682.286 Thread 0x00000000075b1000 1478       3       java.lang.Thread::interrupted (8 bytes)
Event: 1682.287 Thread 0x00000000075b1000 nmethod 1478 0x000000000f523150 code [0x000000000f5232c0, 0x000000000f523448]

GC Heap History (8 events):
Event: 0.906 GC heap before
{Heap before GC invocations=1 (full 0):
 PSYoungGen      total 18944K, used 16384K [0x00000000eb400000, 0x00000000ec900000, 0x0000000100000000)
  eden space 16384K, 100% used [0x00000000eb400000,0x00000000ec400000,0x00000000ec400000)
  from space 2560K, 0% used [0x00000000ec680000,0x00000000ec680000,0x00000000ec900000)
  to   space 2560K, 0% used [0x00000000ec400000,0x00000000ec400000,0x00000000ec680000)
 ParOldGen       total 44032K, used 0K [0x00000000c1c00000, 0x00000000c4700000, 0x00000000eb400000)
  object space 44032K, 0% used [0x00000000c1c00000,0x00000000c1c00000,0x00000000c4700000)
 Metaspace       used 7476K, capacity 7598K, committed 7680K, reserved 1056768K
  class space    used 919K, capacity 951K, committed 1024K, reserved 1048576K
Event: 0.910 GC heap after
Heap after GC invocations=1 (full 0):
 PSYoungGen      total 18944K, used 2532K [0x00000000eb400000, 0x00000000ec900000, 0x0000000100000000)
  eden space 16384K, 0% used [0x00000000eb400000,0x00000000eb400000,0x00000000ec400000)
  from space 2560K, 98% used [0x00000000ec400000,0x00000000ec6793b8,0x00000000ec680000)
  to   space 2560K, 0% used [0x00000000ec680000,0x00000000ec680000,0x00000000ec900000)
 ParOldGen       total 44032K, used 775K [0x00000000c1c00000, 0x00000000c4700000, 0x00000000eb400000)
  object space 44032K, 1% used [0x00000000c1c00000,0x00000000c1cc1e28,0x00000000c4700000)
 Metaspace       used 7476K, capacity 7598K, committed 7680K, reserved 1056768K
  class space    used 919K, capacity 951K, committed 1024K, reserved 1048576K
}
Event: 1.382 GC heap before
{Heap before GC invocations=2 (full 0):
 PSYoungGen      total 18944K, used 18916K [0x00000000eb400000, 0x00000000ec900000, 0x0000000100000000)
  eden space 16384K, 100% used [0x00000000eb400000,0x00000000ec400000,0x00000000ec400000)
  from space 2560K, 98% used [0x00000000ec400000,0x00000000ec6793b8,0x00000000ec680000)
  to   space 2560K, 0% used [0x00000000ec680000,0x00000000ec680000,0x00000000ec900000)
 ParOldGen       total 44032K, used 775K [0x00000000c1c00000, 0x00000000c4700000, 0x00000000eb400000)
  object space 44032K, 1% used [0x00000000c1c00000,0x00000000c1cc1e28,0x00000000c4700000)
 Metaspace       used 11706K, capacity 11852K, committed 12032K, reserved 1060864K
  class space    used 1454K, capacity 1468K, committed 1536K, reserved 1048576K
Event: 1.387 GC heap after
Heap after GC invocations=2 (full 0):
 PSYoungGen      total 18944K, used 2557K [0x00000000eb400000, 0x00000000ec900000, 0x0000000100000000)
  eden space 16384K, 0% used [0x00000000eb400000,0x00000000eb400000,0x00000000ec400000)
  from space 2560K, 99% used [0x00000000ec680000,0x00000000ec8ff640,0x00000000ec900000)
  to   space 2560K, 0% used [0x00000000ec400000,0x00000000ec400000,0x00000000ec680000)
 ParOldGen       total 44032K, used 2352K [0x00000000c1c00000, 0x00000000c4700000, 0x00000000eb400000)
  object space 44032K, 5% used [0x00000000c1c00000,0x00000000c1e4c018,0x00000000c4700000)
 Metaspace       used 11706K, capacity 11852K, committed 12032K, reserved 1060864K
  class space    used 1454K, capacity 1468K, committed 1536K, reserved 1048576K
}
Event: 2.071 GC heap before
{Heap before GC invocations=3 (full 0):
 PSYoungGen      total 18944K, used 18941K [0x00000000eb400000, 0x00000000ec900000, 0x0000000100000000)
  eden space 16384K, 100% used [0x00000000eb400000,0x00000000ec400000,0x00000000ec400000)
  from space 2560K, 99% used [0x00000000ec680000,0x00000000ec8ff640,0x00000000ec900000)
  to   space 2560K, 0% used [0x00000000ec400000,0x00000000ec400000,0x00000000ec680000)
 ParOldGen       total 44032K, used 2352K [0x00000000c1c00000, 0x00000000c4700000, 0x00000000eb400000)
  object space 44032K, 5% used [0x00000000c1c00000,0x00000000c1e4c018,0x00000000c4700000)
 Metaspace       used 16943K, capacity 17160K, committed 17536K, reserved 1064960K
  class space    used 2013K, capacity 2124K, committed 2176K, reserved 1048576K
Event: 2.079 GC heap after
Heap after GC invocations=3 (full 0):
 PSYoungGen      total 18944K, used 2538K [0x00000000eb400000, 0x00000000ec900000, 0x0000000100000000)
  eden space 16384K, 0% used [0x00000000eb400000,0x00000000eb400000,0x00000000ec400000)
  from space 2560K, 99% used [0x00000000ec400000,0x00000000ec67a9c8,0x00000000ec680000)
  to   space 2560K, 0% used [0x00000000ec680000,0x00000000ec680000,0x00000000ec900000)
 ParOldGen       total 44032K, used 5445K [0x00000000c1c00000, 0x00000000c4700000, 0x00000000eb400000)
  object space 44032K, 12% used [0x00000000c1c00000,0x00000000c2151460,0x00000000c4700000)
 Metaspace       used 16943K, capacity 17160K, committed 17536K, reserved 1064960K
  class space    used 2013K, capacity 2124K, committed 2176K, reserved 1048576K
}
Event: 92.399 GC heap before
{Heap before GC invocations=4 (full 0):
 PSYoungGen      total 18944K, used 18890K [0x00000000eb400000, 0x00000000ec900000, 0x0000000100000000)
  eden space 16384K, 99% used [0x00000000eb400000,0x00000000ec3f7f40,0x00000000ec400000)
  from space 2560K, 99% used [0x00000000ec400000,0x00000000ec67a9c8,0x00000000ec680000)
  to   space 2560K, 0% used [0x00000000ec680000,0x00000000ec680000,0x00000000ec900000)
 ParOldGen       total 44032K, used 5445K [0x00000000c1c00000, 0x00000000c4700000, 0x00000000eb400000)
  object space 44032K, 12% used [0x00000000c1c00000,0x00000000c2151460,0x00000000c4700000)
 Metaspace       used 18838K, capacity 19086K, committed 19328K, reserved 1067008K
  class space    used 2278K, capacity 2381K, committed 2432K, reserved 1048576K
Event: 92.410 GC heap after
Heap after GC invocations=4 (full 0):
 PSYoungGen      total 18944K, used 2538K [0x00000000eb400000, 0x00000000ec900000, 0x0000000100000000)
  eden space 16384K, 0% used [0x00000000eb400000,0x00000000eb400000,0x00000000ec400000)
  from space 2560K, 99% used [0x00000000ec680000,0x00000000ec8fa9b8,0x00000000ec900000)
  to   space 2560K, 0% used [0x00000000ec400000,0x00000000ec400000,0x00000000ec680000)
 ParOldGen       total 44032K, used 8473K [0x00000000c1c00000, 0x00000000c4700000, 0x00000000eb400000)
  object space 44032K, 19% used [0x00000000c1c00000,0x00000000c2446588,0x00000000c4700000)
 Metaspace       used 18838K, capacity 19086K, committed 19328K, reserved 1067008K
  class space    used 2278K, capacity 2381K, committed 2432K, reserved 1048576K
}

Deoptimization events (10 events):
Event: 1.784 Thread 0x000000000262e800 Uncommon trap: reason=range_check action=none pc=0x000000000f34209c method=sun.reflect.generics.parser.SignatureParser.current()C @ 34
Event: 1.794 Thread 0x000000000262e800 Uncommon trap: reason=range_check action=none pc=0x000000000f34209c method=sun.reflect.generics.parser.SignatureParser.current()C @ 34
Event: 1.794 Thread 0x000000000262e800 Uncommon trap: reason=range_check action=none pc=0x000000000f34209c method=sun.reflect.generics.parser.SignatureParser.current()C @ 34
Event: 1.794 Thread 0x000000000262e800 Uncommon trap: reason=range_check action=none pc=0x000000000f34209c method=sun.reflect.generics.parser.SignatureParser.current()C @ 34
Event: 1.794 Thread 0x000000000262e800 Uncommon trap: reason=range_check action=none pc=0x000000000f34209c method=sun.reflect.generics.parser.SignatureParser.current()C @ 34
Event: 1.795 Thread 0x000000000262e800 Uncommon trap: reason=range_check action=none pc=0x000000000f34209c method=sun.reflect.generics.parser.SignatureParser.current()C @ 34
Event: 1.799 Thread 0x000000000262e800 Uncommon trap: reason=unstable_if action=reinterpret pc=0x000000000f2e0588 method=java.util.HashMap.getNode(ILjava/lang/Object;)Ljava/util/HashMap$Node; @ 129
Event: 1.819 Thread 0x000000000262e800 Uncommon trap: reason=range_check action=none pc=0x000000000f34209c method=sun.reflect.generics.parser.SignatureParser.current()C @ 34
Event: 2.122 Thread 0x000000000262e800 Uncommon trap: reason=unstable_if action=reinterpret pc=0x000000000f160570 method=sun.nio.cs.UTF_8$Encoder.encode([CII[B)I @ 33
Event: 2.180 Thread 0x000000000262e800 Uncommon trap: reason=unstable_if action=reinterpret pc=0x000000000f2f3f4c method=java.io.WinNTFileSystem.normalize(Ljava/lang/String;)Ljava/lang/String; @ 128

Internal exceptions (10 events):
Event: 1.786 Thread 0x000000000262e800 Exception <a 'java/lang/ClassNotFoundException': org/mybatis/spring/support/SqlSessionDaoSupportCustomizer> (0x00000000ebdebb30) thrown at [D:\re\workspace\8-2-build-windows-amd64-cygwin\jdk8u92\6642\hotspot\src\share\vm\classfile\systemDictionary.cpp, linÅÔcÊÁ≤¸?
Event: 1.794 Thread 0x000000000262e800 Exception <a 'java/lang/ClassNotFoundException': org/mybatis/spring/mapper/MapperFactoryBeanCustomizer> (0x00000000ebe22f50) thrown at [D:\re\workspace\8-2-build-windows-amd64-cygwin\jdk8u92\6642\hotspot\src\share\vm\classfile\systemDictionary.cpp, line 21W0≥¥¸?
Event: 1.794 Thread 0x000000000262e800 Exception <a 'java/lang/ArrayIndexOutOfBoundsException': 5> (0x00000000ebe24978) thrown at [D:\re\workspace\8-2-build-windows-amd64-cygwin\jdk8u92\6642\hotspot\src\share\vm\interpreter\interpreterRuntime.cpp, line 366]
Event: 1.794 Thread 0x000000000262e800 Exception <a 'java/lang/ArrayIndexOutOfBoundsException': 123> (0x00000000ebe25fb8) thrown at [D:\re\workspace\8-2-build-windows-amd64-cygwin\jdk8u92\6642\hotspot\src\share\vm\interpreter\interpreterRuntime.cpp, line 366]
Event: 1.794 Thread 0x000000000262e800 Exception <a 'java/lang/ArrayIndexOutOfBoundsException': 24> (0x00000000ebe27890) thrown at [D:\re\workspace\8-2-build-windows-amd64-cygwin\jdk8u92\6642\hotspot\src\share\vm\interpreter\interpreterRuntime.cpp, line 366]
Event: 1.794 Thread 0x000000000262e800 Exception <a 'java/lang/ArrayIndexOutOfBoundsException': 25> (0x00000000ebe28a18) thrown at [D:\re\workspace\8-2-build-windows-amd64-cygwin\jdk8u92\6642\hotspot\src\share\vm\interpreter\interpreterRuntime.cpp, line 366]
Event: 1.795 Thread 0x000000000262e800 Exception <a 'java/lang/ArrayIndexOutOfBoundsException': 40> (0x00000000ebe29ce0) thrown at [D:\re\workspace\8-2-build-windows-amd64-cygwin\jdk8u92\6642\hotspot\src\share\vm\interpreter\interpreterRuntime.cpp, line 366]
Event: 1.819 Thread 0x000000000262e800 Exception <a 'java/lang/ArrayIndexOutOfBoundsException': 93> (0x00000000ebedaf28) thrown at [D:\re\workspace\8-2-build-windows-amd64-cygwin\jdk8u92\6642\hotspot\src\share\vm\interpreter\interpreterRuntime.cpp, line 366]
Event: 1.996 Thread 0x000000000262e800 Exception <a 'java/lang/NoSuchFieldError': method resolution failed> (0x00000000ec1dfad0) thrown at [D:\re\workspace\8-2-build-windows-amd64-cygwin\jdk8u92\6642\hotspot\src\share\vm\prims\methodHandles.cpp, line 1146]
Event: 2.001 Thread 0x000000000262e800 Exception <a 'java/lang/NoSuchFieldError': method resolution failed> (0x00000000ec1ed1c0) thrown at [D:\re\workspace\8-2-build-windows-amd64-cygwin\jdk8u92\6642\hotspot\src\share\vm\prims\methodHandles.cpp, line 1146]

Events (10 events):
Event: 471.564 Executing VM operation: GetOrSetLocal
Event: 471.564 Executing VM operation: GetOrSetLocal done
Event: 471.565 Executing VM operation: GetOrSetLocal
Event: 471.565 Executing VM operation: GetOrSetLocal done
Event: 484.715 Executing VM operation: ChangeBreakpoints
Event: 484.715 Executing VM operation: ChangeBreakpoints done
Event: 486.748 Executing VM operation: ChangeBreakpoints
Event: 486.748 Executing VM operation: ChangeBreakpoints done
Event: 1933.535 Executing VM operation: RedefineClasses
Event: 1933.568 Executing VM operation: RedefineClasses done


Dynamic libraries:
0x00007ff6267d0000 - 0x00007ff626807000 	C:\Program Files\Java\jre1.8.0_92\bin\javaw.exe
0x00007fff4ade0000 - 0x00007fff4afa1000 	C:\WINDOWS\SYSTEM32\ntdll.dll
0x00007fff488c0000 - 0x00007fff4896d000 	C:\WINDOWS\system32\KERNEL32.DLL
0x00007fff47dc0000 - 0x00007fff47fa8000 	C:\WINDOWS\system32\KERNELBASE.dll
0x00007fff4a380000 - 0x00007fff4a427000 	C:\WINDOWS\system32\ADVAPI32.dll
0x00007fff4a4a0000 - 0x00007fff4a53d000 	C:\WINDOWS\system32\msvcrt.dll
0x00007fff48390000 - 0x00007fff483eb000 	C:\WINDOWS\system32\sechost.dll
0x00007fff4a660000 - 0x00007fff4a77c000 	C:\WINDOWS\system32\RPCRT4.dll
0x00007fff485a0000 - 0x00007fff486f6000 	C:\WINDOWS\system32\USER32.dll
0x00007fff4a780000 - 0x00007fff4a906000 	C:\WINDOWS\system32\GDI32.dll
0x00007fff43f00000 - 0x00007fff44174000 	C:\WINDOWS\WinSxS\amd64_microsoft.windows.common-controls_6595b64144ccf1df_6.0.10586.0_none_8c15ae12515e1c22\COMCTL32.dll
0x00007fff4aa90000 - 0x00007fff4ad0d000 	C:\WINDOWS\system32\combase.dll
0x00007fff48100000 - 0x00007fff4816a000 	C:\WINDOWS\system32\bcryptPrimitives.dll
0x00007fff4a460000 - 0x00007fff4a49b000 	C:\WINDOWS\system32\IMM32.DLL
0x00007fff472f0000 - 0x00007fff47321000 	C:\windows\system32\nvinitx.dll
0x00007fff472e0000 - 0x00007fff472ea000 	C:\WINDOWS\SYSTEM32\VERSION.dll
0x000000000f000000 - 0x000000000f006000 	C:\Program Files\NVIDIA Corporation\CoProcManager\_etoured.dll
0x00007fff45b60000 - 0x00007fff45b92000 	C:\Program Files\NVIDIA Corporation\CoProcManager\nvd3d9wrapx.dll
0x00007fff49f50000 - 0x00007fff4a379000 	C:\WINDOWS\system32\SETUPAPI.dll
0x00007fff48170000 - 0x00007fff481b3000 	C:\WINDOWS\system32\CFGMGR32.dll
0x00007fff45b30000 - 0x00007fff45b52000 	C:\Program Files\NVIDIA Corporation\CoProcManager\nvdxgiwrapx.dll
0x0000000072ee0000 - 0x0000000072fb2000 	C:\Program Files\Java\jre1.8.0_92\bin\msvcr100.dll
0x0000000073170000 - 0x0000000073a06000 	C:\Program Files\Java\jre1.8.0_92\bin\server\jvm.dll
0x00007fff48970000 - 0x00007fff48978000 	C:\WINDOWS\system32\PSAPI.DLL
0x00007fff3e580000 - 0x00007fff3e589000 	C:\WINDOWS\SYSTEM32\WSOCK32.dll
0x00007fff459a0000 - 0x00007fff459c3000 	C:\WINDOWS\SYSTEM32\WINMM.dll
0x00007fff4aa20000 - 0x00007fff4aa8b000 	C:\WINDOWS\system32\WS2_32.dll
0x00007fff45690000 - 0x00007fff456bc000 	C:\WINDOWS\SYSTEM32\WINMMBASE.dll
0x0000000073080000 - 0x000000007308f000 	C:\Program Files\Java\jre1.8.0_92\bin\verify.dll
0x0000000073050000 - 0x0000000073079000 	C:\Program Files\Java\jre1.8.0_92\bin\java.dll
0x0000000072e80000 - 0x0000000072eb5000 	C:\Program Files\Java\jre1.8.0_92\bin\jdwp.dll
0x0000000072e70000 - 0x0000000072e78000 	C:\Program Files\Java\jre1.8.0_92\bin\npt.dll
0x0000000073030000 - 0x0000000073046000 	C:\Program Files\Java\jre1.8.0_92\bin\zip.dll
0x00007fff48980000 - 0x00007fff49edc000 	C:\WINDOWS\system32\SHELL32.dll
0x00007fff476c0000 - 0x00007fff47d04000 	C:\WINDOWS\system32\windows.storage.dll
0x00007fff48700000 - 0x00007fff48752000 	C:\WINDOWS\system32\shlwapi.dll
0x00007fff47480000 - 0x00007fff4748f000 	C:\WINDOWS\system32\kernel.appcore.dll
0x00007fff47fb0000 - 0x00007fff48065000 	C:\WINDOWS\system32\shcore.dll
0x00007fff47410000 - 0x00007fff4745b000 	C:\WINDOWS\system32\powrprof.dll
0x00007fff47460000 - 0x00007fff47474000 	C:\WINDOWS\system32\profapi.dll
0x0000000072e60000 - 0x0000000072e69000 	C:\Program Files\Java\jre1.8.0_92\bin\dt_socket.dll
0x00007fff37df0000 - 0x00007fff37e06000 	C:\WINDOWS\system32\napinsp.dll
0x00007fff37d20000 - 0x00007fff37d3a000 	C:\WINDOWS\system32\pnrpnsp.dll
0x00007fff44cc0000 - 0x00007fff44cd8000 	C:\WINDOWS\system32\NLAapi.dll
0x00007fff46c80000 - 0x00007fff46cdc000 	C:\WINDOWS\System32\mswsock.dll
0x00007fff45d30000 - 0x00007fff45dda000 	C:\WINDOWS\SYSTEM32\DNSAPI.dll
0x00007fff4a650000 - 0x00007fff4a658000 	C:\WINDOWS\system32\NSI.dll
0x00007fff37d10000 - 0x00007fff37d1d000 	C:\WINDOWS\System32\winrnr.dll
0x00007fff3f100000 - 0x00007fff3f167000 	C:\WINDOWS\System32\fwpuclnt.dll
0x00007fff47330000 - 0x00007fff47359000 	C:\WINDOWS\SYSTEM32\bcrypt.dll
0x00007fff3a240000 - 0x00007fff3a24a000 	C:\Windows\System32\rasadhlp.dll
0x0000000073010000 - 0x000000007302a000 	C:\Program Files\Java\jre1.8.0_92\bin\net.dll
0x0000000072fc0000 - 0x0000000072fe4000 	C:\Program Files\Java\jre1.8.0_92\bin\sunec.dll
0x00007fff46d30000 - 0x00007fff46d47000 	C:\WINDOWS\SYSTEM32\CRYPTSP.dll
0x00007fff469c0000 - 0x00007fff469f4000 	C:\WINDOWS\system32\rsaenh.dll
0x00007fff46b10000 - 0x00007fff46b2f000 	C:\WINDOWS\SYSTEM32\USERENV.dll
0x00007fff472d0000 - 0x00007fff472db000 	C:\WINDOWS\SYSTEM32\CRYPTBASE.dll
0x00007fff40230000 - 0x00007fff40268000 	C:\WINDOWS\SYSTEM32\IPHLPAPI.DLL
0x00007fff3f000000 - 0x00007fff3f016000 	C:\WINDOWS\SYSTEM32\dhcpcsvc6.DLL
0x00007fff3f030000 - 0x00007fff3f04a000 	C:\WINDOWS\SYSTEM32\dhcpcsvc.DLL
0x0000000072ff0000 - 0x0000000073001000 	C:\Program Files\Java\jre1.8.0_92\bin\nio.dll
0x00007fff21a70000 - 0x00007fff21bfc000 	C:\WINDOWS\SYSTEM32\dbghelp.dll

VM Arguments:
jvm_args: -agentlib:jdwp=transport=dt_socket,suspend=y,address=localhost:10687 -Dfile.encoding=UTF-8 
java_command: crawler.ProcessorCenter
java_class_path (initial): F:\WorkStations\news-crawler\target\classes;C:\Users\”Ì\.m2\repository\javax\servlet\javax.servlet-api\3.0.1\javax.servlet-api-3.0.1.jar;C:\Users\”Ì\.m2\repository\mysql\mysql-connector-java\5.1.18\mysql-connector-java-5.1.18.jar;C:\Users\”Ì\.m2\repository\org\mybatis\mybatis\3.1.1\mybatis-3.1.1.jar;C:\Users\”Ì\.m2\repository\org\mybatis\mybatis-spring\1.1.1\mybatis-spring-1.1.1.jar;C:\Users\”Ì\.m2\repository\org\springframework\spring-tx\3.1.1.RELEASE\spring-tx-3.1.1.RELEASE.jar;C:\Users\”Ì\.m2\repository\org\springframework\spring-beans\3.1.1.RELEASE\spring-beans-3.1.1.RELEASE.jar;C:\Users\”Ì\.m2\repository\org\springframework\spring-jdbc\3.1.1.RELEASE\spring-jdbc-3.1.1.RELEASE.jar;C:\Users\”Ì\.m2\repository\org\springframework\spring-context\3.1.1.RELEASE\spring-context-3.1.1.RELEASE.jar;C:\Users\”Ì\.m2\repository\org\springframework\spring-aop\3.1.1.RELEASE\spring-aop-3.1.1.RELEASE.jar;C:\Users\”Ì\.m2\repository\aopalliance\aopalliance\1.0\aopalliance-1.0.jar;C:\Users\”Ì\.m2\repository\org\springframework\spring-expression\3.1.1.RELEASE\spring-expression-3.1.1.RELEASE.jar;C:\Users\”Ì\.m2\repository\org\springframework\spring-asm\3.1.1.RELEASE\spring-asm-3.1.1.RELEASE.jar;C:\Users\”Ì\.m2\repository\us\codecraft\webmagic-core\0.5.3\webmagic-core-0.5.3.jar;C:\Users\”Ì\.m2\repository\org\apache\httpcomponents\httpclient\4.3.3\httpclient-4.3.3.jar;C:\Users\”Ì\.m2\repository\org\apache\httpcomponents\httpcore\4.3.2\httpcore-4.3.2.jar;C:\Users\”Ì\.m2\repository\commons-codec\commons-codec\1.6\commons-codec-1.6.jar;C:\Users\”Ì\.m2\repository\com\google\guava\guava\15.0\guava-15.0.jar;C:\Users\”Ì\.m2\repository\us\codecraft\xsoup\0.3.1\xsoup-0.3.1.jar;C:\Users\”Ì\.m2\repository\org\assertj\assertj-core\1.5.0\assertj-core-1.5.0.jar;C:\Users\”Ì\.m2\repository\org\slf4j\slf4j-api\1.7.6\slf4j-api-1.7.6.jar;C:\Users\”Ì\.m2\repository\org\slf4j\slf4j-log4j12\1.7.6\slf4j-log4j12-1.7.6.jar;C:\Users\”Ì\.m2\repository\log4j\log4j\1.2.17\log4j-1.2.17.ja
Launcher Type: SUN_STANDARD

Environment Variables:
JAVA_HOME=C:\Java\jdk
CLASSPATH=C:\Java\jdk\lib\dt.jar;C:\Java\jdk\lib\tools.jar
PATH=C:/Program Files/Java/jre1.8.0_92/bin/server;C:/Program Files/Java/jre1.8.0_92/bin;C:/Program Files/Java/jre1.8.0_92/lib/amd64;C:\ProgramData\Oracle\Java\javapath;C:\Program Files (x86)\Intel\iCLS Client\;C:\Program Files\Intel\iCLS Client\;C:\WINDOWS\system32;C:\WINDOWS;C:\WINDOWS\System32\Wbem;C:\WINDOWS\System32\WindowsPowerShell\v1.0\;C:\Program Files\Intel\Intel(R) Management Engine Components\DAL;C:\Program Files (x86)\Intel\Intel(R) Management Engine Components\DAL;C:\Program Files\Intel\Intel(R) Management Engine Components\IPT;C:\Program Files (x86)\Intel\Intel(R) Management Engine Components\IPT;C:\MATLAB\runtime\win64;C:\MATLAB\bin;C:\MATLAB\polyspace\bin;C:\Java\jdk\bin;C:\Java\jdk\jre\bin;C:\Program Files (x86)\Microsoft SQL Server\100\Tools\Binn\;C:\Program Files\Microsoft SQL Server\100\Tools\Binn\;C:\Program Files\Microsoft SQL Server\100\DTS\Binn\;F:\CTEX\UserData\miktex\bin;F:\CTEX\MiKTeX\miktex\bin;F:\CTEX\CTeX\ctex\bin;F:\CTEX\CTeX\cct\bin;F:\CTEX\CTeX\ty\bin;F:\CTEX\Ghostscript\gs8.70\bin;F:\CTEX\GSview\gsview;F:\CTEX\WinEdt;F:\nodejs\;F:\Python35;C:\Program Files (x86)\NVIDIA Corporation\PhysX\Common;C:\Anaconda3;C:\Anaconda3\Scripts;C:\Anaconda3\Library\bin;F:\Git\cmd;C:\Users\”Ì\AppData\Roaming\npm;C:\Java\eclipse;
USERNAME=HolyTracy
OS=Windows_NT
PROCESSOR_IDENTIFIER=Intel64 Family 6 Model 58 Stepping 9, GenuineIntel



---------------  S Y S T E M  ---------------

OS: Windows 10.0 , 64 bit Build 10586 (10.0.10586.0)

CPU:total 4 (2 cores per cpu, 2 threads per core) family 6 model 58 stepping 9, cmov, cx8, fxsr, mmx, sse, sse2, sse3, ssse3, sse4.1, sse4.2, popcnt, avx, aes, clmul, erms, ht, tsc, tscinvbit, tscinv

Memory: 4k page, physical 4077328k(1222988k free), swap 5558796k(1348176k free)

vm_info: Java HotSpot(TM) 64-Bit Server VM (25.92-b14) for windows-amd64 JRE (1.8.0_92-b14), built on Mar 31 2016 21:03:04 by "java_re" with MS VC++ 10.0 (VS2010)

time: Fri Jul 08 08:48:24 2016
elapsed time: 1933 seconds (0d 0h 32m 13s)

